#
# There is insufficient memory for the Java Runtime Environment to continue.
# Native memory allocation (malloc) failed to allocate 1048576 bytes for AllocateHeap
# Possible reasons:
#   The system is out of physical RAM or swap space
#   The process is running with CompressedOops enabled, and the Java Heap may be blocking the growth of the native heap
# Possible solutions:
#   Reduce memory load on the system
#   Increase physical memory or swap space
#   Check if swap backing store is full
#   Decrease Java heap size (-Xmx/-Xms)
#   Decrease number of Java threads
#   Decrease Java thread stack sizes (-Xss)
#   Set larger code cache with -XX:ReservedCodeCacheSize=
#   JVM is running with Unscaled Compressed Oops mode in which the Java heap is
#     placed in the first 4GB address space. The Java Heap base address is the
#     maximum limit for the native heap growth. Please use -XX:HeapBaseMinAddress
#     to set the Java Heap base and to place the Java Heap above 4GB virtual address.
# This output file may be truncated or incomplete.
#
#  Out of Memory Error (allocation.cpp:44), pid=23580, tid=1120
#
# JRE version:  (17.0.8.1+1) (build )
# Java VM: OpenJDK 64-Bit Server VM (17.0.8.1+1, mixed mode, tiered, compressed oops, compressed class ptrs, parallel gc, windows-amd64)
# No core dump will be written. Minidumps are not enabled by default on client versions of Windows
#

---------------  S U M M A R Y ------------

Command Line: --add-modules=ALL-SYSTEM --add-opens=java.base/java.util=ALL-UNNAMED --add-opens=java.base/java.lang=ALL-UNNAMED --add-opens=java.base/sun.nio.fs=ALL-UNNAMED -Declipse.application=org.eclipse.jdt.ls.core.id1 -Dosgi.bundles.defaultStartLevel=4 -Declipse.product=org.eclipse.jdt.ls.core.product -Djava.import.generatesMetadataFilesAtProjectRoot=false -DDetectVMInstallationsJob.disabled=true -Dfile.encoding=utf8 -XX:+UseParallelGC -XX:GCTimeRatio=4 -XX:AdaptiveSizePolicyWeight=90 -Dsun.zip.disableMemoryMapping=true -Xmx1G -Xms100m -Xlog:disable -javaagent:c:\Users\leoci\.vscode\extensions\redhat.java-1.23.0-win32-x64\lombok\lombok-1.18.30.jar -XX:+HeapDumpOnOutOfMemoryError -XX:HeapDumpPath=c:\Users\leoci\AppData\Roaming\Code\User\workspaceStorage\56af12e5fac356e10d70ec0fe7da9b1e\redhat.java -Daether.dependencyCollector.impl=bf c:\Users\leoci\.vscode\extensions\redhat.java-1.23.0-win32-x64\server\plugins\org.eclipse.equinox.launcher_1.6.500.v20230717-2134.jar -configuration c:\Users\leoci\AppData\Roaming\Code\User\globalStorage\redhat.java\1.23.0\config_win -data c:\Users\leoci\AppData\Roaming\Code\User\workspaceStorage\56af12e5fac356e10d70ec0fe7da9b1e\redhat.java\jdt_ws

Host: 11th Gen Intel(R) Core(TM) i5-1135G7 @ 2.40GHz, 8 cores, 7G,  Windows 11 , 64 bit Build 22621 (10.0.22621.2361)
Time: Sun Oct  1 01:19:33 2023 Hora oficial do Brasil elapsed time: 0.056636 seconds (0d 0h 0m 0s)

---------------  T H R E A D  ---------------

Current thread (0x000001fac8e09a60):  JavaThread "Unknown thread" [_thread_in_vm, id=1120, stack(0x000000995e300000,0x000000995e400000)]

Stack: [0x000000995e300000,0x000000995e400000]
Native frames: (J=compiled Java code, j=interpreted, Vv=VM code, C=native code)
V  [jvm.dll+0x678b0a]
V  [jvm.dll+0x835e84]
V  [jvm.dll+0x83762e]
V  [jvm.dll+0x837c93]
V  [jvm.dll+0x24746f]
V  [jvm.dll+0xa697b]
V  [jvm.dll+0x6ab47a]
V  [jvm.dll+0x6ac13f]
V  [jvm.dll+0x685233]
V  [jvm.dll+0x80864b]
V  [jvm.dll+0x36bba4]
V  [jvm.dll+0x7e733c]
V  [jvm.dll+0x3ee4af]
V  [jvm.dll+0x3f00c1]
C  [jli.dll+0x528b]
C  [ucrtbase.dll+0x29363]
C  [KERNEL32.DLL+0x1257d]
C  [ntdll.dll+0x5aa78]


---------------  P R O C E S S  ---------------

Threads class SMR info:
_java_thread_list=0x00007ffe95eea018, length=0, elements={
}

Java Threads: ( => current thread )

Other Threads:
  0x000001fac8e20710 GCTaskThread "GC Thread#0" [stack: 0x000000995e400000,0x000000995e500000] [id=23940]

=>0x000001fac8e09a60 (exited) JavaThread "Unknown thread" [_thread_in_vm, id=1120, stack(0x000000995e300000,0x000000995e400000)]

Threads with active compile tasks:

VM state: not at safepoint (normal execution)

VM Mutex/Monitor currently owned by a thread: None

Heap address: 0x00000000c0000000, size: 1024 MB, Compressed Oops mode: 32-bit

CDS archive(s) not mapped
Compressed class space mapped at: 0x0000000100000000-0x0000000140000000, reserved size: 1073741824
Narrow klass base: 0x0000000000000000, Narrow klass shift: 3, Narrow klass range: 0x140000000

GC Precious Log:
 CPUs: 8 total, 8 available
 Memory: 7991M
 Large Page Support: Disabled
 NUMA Support: Disabled
 Compressed Oops: Enabled (32-bit)
 Alignments: Space 512K, Generation 512K, Heap 2M
 Heap Min Capacity: 100M
 Heap Initial Capacity: 100M
 Heap Max Capacity: 1G
 Pre-touch: Disabled
 Parallel Workers: 8

Heap:
 PSYoungGen      total 29696K, used 512K [0x00000000eab00000, 0x00000000ecc00000, 0x0000000100000000)
  eden space 25600K, 2% used [0x00000000eab00000,0x00000000eab80070,0x00000000ec400000)
  from space 4096K, 0% used [0x00000000ec800000,0x00000000ec800000,0x00000000ecc00000)
  to   space 4096K, 0% used [0x00000000ec400000,0x00000000ec400000,0x00000000ec800000)
 ParOldGen       total 68608K, used 0K [0x00000000c0000000, 0x00000000c4300000, 0x00000000eab00000)
  object space 68608K, 0% used [0x00000000c0000000,0x00000000c0000000,0x00000000c4300000)
 Metaspace       used 1149K, committed 1216K, reserved 1114112K
  class space    used 101K, committed 128K, reserved 1048576K

Card table byte_map: [0x000001fac87a0000,0x000001fac89b0000] _byte_map_base: 0x000001fac81a0000

Marking Bits: (ParMarkBitMap*) 0x00007ffe95f583a0
 Begin Bits: [0x000001fadaa80000, 0x000001fadba80000)
 End Bits:   [0x000001fadba80000, 0x000001fadca80000)

Polling page: 0x000001fac6d50000

Metaspace:

Usage:
  Non-class:      1.02 MB used.
      Class:    101.05 KB used.
       Both:      1.12 MB used.

Virtual space:
  Non-class space:       64.00 MB reserved,       1.06 MB (  2%) committed,  1 nodes.
      Class space:        1.00 GB reserved,     128.00 KB ( <1%) committed,  1 nodes.
             Both:        1.06 GB reserved,       1.19 MB ( <1%) committed. 

Chunk freelists:
   Non-Class:  12.00 MB
       Class:  15.75 MB
        Both:  27.75 MB

MaxMetaspaceSize: unlimited
CompressedClassSpaceSize: 1.00 GB
Initial GC threshold: 21.00 MB
Current GC threshold: 17179869184.00 GB
CDS: off
MetaspaceReclaimPolicy: balanced
 - commit_granule_bytes: 65536.
 - commit_granule_words: 8192.
 - virtual_space_node_default_size: 8388608.
 - enlarge_chunks_in_place: 1.
 - new_chunks_are_fully_committed: 0.
 - uncommit_free_chunks: 1.
 - use_allocation_guard: 0.
 - handle_deallocations: 1.


Internal statistics:

num_allocs_failed_limit: 0.
num_arena_births: 2.
num_arena_deaths: 0.
num_vsnodes_births: 2.
num_vsnodes_deaths: 0.
num_space_committed: 19.
num_space_uncommitted: 0.
num_chunks_returned_to_freelist: 0.
num_chunks_taken_from_freelist: 3.
num_chunk_merges: 0.
num_chunk_splits: 2.
num_chunks_enlarged: 0.
num_inconsistent_stats: 0.

CodeHeap 'non-profiled nmethods': size=120000Kb used=0Kb max_used=0Kb free=120000Kb
 bounds [0x000001fad3550000, 0x000001fad37c0000, 0x000001fadaa80000]
CodeHeap 'profiled nmethods': size=120000Kb used=0Kb max_used=0Kb free=120000Kb
 bounds [0x000001facba80000, 0x000001facbcf0000, 0x000001fad2fb0000]
CodeHeap 'non-nmethods': size=5760Kb used=208Kb max_used=360Kb free=5551Kb
 bounds [0x000001fad2fb0000, 0x000001fad3220000, 0x000001fad3550000]
 total_blobs=66 nmethods=0 adapters=47
 compilation: enabled
              stopped_count=0, restarted_count=0
 full_count=0

Compilation events (0 events):
No events

GC Heap History (0 events):
No events

Dll operation events (1 events):
Event: 0.009 Loaded shared library c:\Users\leoci\.vscode\extensions\redhat.java-1.23.0-win32-x64\jre\17.0.8.1-win32-x86_64\bin\java.dll

Deoptimization events (0 events):
No events

Classes unloaded (0 events):
No events

Classes redefined (0 events):
No events

Internal exceptions (0 events):
No events

VM Operations (0 events):
No events

Events (20 events):
Event: 0.030 loading class java/lang/Long
Event: 0.031 loading class java/lang/Long done
Event: 0.031 loading class java/util/Iterator
Event: 0.031 loading class java/util/Iterator done
Event: 0.031 loading class java/lang/reflect/RecordComponent
Event: 0.031 loading class java/lang/reflect/RecordComponent done
Event: 0.031 loading class jdk/internal/vm/vector/VectorSupport
Event: 0.031 loading class jdk/internal/vm/vector/VectorSupport done
Event: 0.038 loading class jdk/internal/vm/vector/VectorSupport$VectorPayload
Event: 0.039 loading class jdk/internal/vm/vector/VectorSupport$VectorPayload done
Event: 0.039 loading class jdk/internal/vm/vector/VectorSupport$Vector
Event: 0.039 loading class jdk/internal/vm/vector/VectorSupport$Vector done
Event: 0.039 loading class jdk/internal/vm/vector/VectorSupport$VectorMask
Event: 0.039 loading class jdk/internal/vm/vector/VectorSupport$VectorMask done
Event: 0.039 loading class jdk/internal/vm/vector/VectorSupport$VectorShuffle
Event: 0.039 loading class jdk/internal/vm/vector/VectorSupport$VectorShuffle done
Event: 0.052 loading class java/lang/NullPointerException
Event: 0.052 loading class java/lang/NullPointerException done
Event: 0.052 loading class java/lang/ArithmeticException
Event: 0.053 loading class java/lang/ArithmeticException done


Dynamic libraries:
0x00007ff6b5750000 - 0x00007ff6b575e000 	c:\Users\leoci\.vscode\extensions\redhat.java-1.23.0-win32-x64\jre\17.0.8.1-win32-x86_64\bin\java.exe
0x00007fff05d30000 - 0x00007fff05f47000 	C:\WINDOWS\SYSTEM32\ntdll.dll
0x00007fff04b90000 - 0x00007fff04c54000 	C:\WINDOWS\System32\KERNEL32.DLL
0x00007fff03390000 - 0x00007fff03736000 	C:\WINDOWS\System32\KERNELBASE.dll
0x00007fff03970000 - 0x00007fff03a81000 	C:\WINDOWS\System32\ucrtbase.dll
0x00007ffef5e30000 - 0x00007ffef5e47000 	c:\Users\leoci\.vscode\extensions\redhat.java-1.23.0-win32-x64\jre\17.0.8.1-win32-x86_64\bin\jli.dll
0x00007ffef50c0000 - 0x00007ffef50d9000 	c:\Users\leoci\.vscode\extensions\redhat.java-1.23.0-win32-x64\jre\17.0.8.1-win32-x86_64\bin\VCRUNTIME140.dll
0x00007fff03a90000 - 0x00007fff03c3e000 	C:\WINDOWS\System32\USER32.dll
0x00007fff03220000 - 0x00007fff03246000 	C:\WINDOWS\System32\win32u.dll
0x00007ffef36c0000 - 0x00007ffef3953000 	C:\WINDOWS\WinSxS\amd64_microsoft.windows.common-controls_6595b64144ccf1df_6.0.22621.2361_none_2712ced57382f843\COMCTL32.dll
0x00007fff04f00000 - 0x00007fff04f29000 	C:\WINDOWS\System32\GDI32.dll
0x00007fff05040000 - 0x00007fff050e7000 	C:\WINDOWS\System32\msvcrt.dll
0x00007fff03740000 - 0x00007fff03858000 	C:\WINDOWS\System32\gdi32full.dll
0x00007fff03860000 - 0x00007fff038fa000 	C:\WINDOWS\System32\msvcp_win.dll
0x00007fff044c0000 - 0x00007fff044f1000 	C:\WINDOWS\System32\IMM32.DLL
0x00007ffefb190000 - 0x00007ffefb19c000 	c:\Users\leoci\.vscode\extensions\redhat.java-1.23.0-win32-x64\jre\17.0.8.1-win32-x86_64\bin\vcruntime140_1.dll
0x00007ffe98060000 - 0x00007ffe980f1000 	c:\Users\leoci\.vscode\extensions\redhat.java-1.23.0-win32-x64\jre\17.0.8.1-win32-x86_64\bin\msvcp140.dll
0x00007ffe953d0000 - 0x00007ffe9601c000 	c:\Users\leoci\.vscode\extensions\redhat.java-1.23.0-win32-x64\jre\17.0.8.1-win32-x86_64\bin\server\jvm.dll
0x00007fff04ae0000 - 0x00007fff04b90000 	C:\WINDOWS\System32\ADVAPI32.dll
0x00007fff04c70000 - 0x00007fff04d16000 	C:\WINDOWS\System32\sechost.dll
0x00007fff05bd0000 - 0x00007fff05ce7000 	C:\WINDOWS\System32\RPCRT4.dll
0x00007fff02dd0000 - 0x00007fff02e1d000 	C:\WINDOWS\SYSTEM32\POWRPROF.dll
0x00007ffee13c0000 - 0x00007ffee13c9000 	C:\WINDOWS\SYSTEM32\WSOCK32.dll
0x00007fff05b50000 - 0x00007fff05bc1000 	C:\WINDOWS\System32\WS2_32.dll
0x00007ffefb150000 - 0x00007ffefb184000 	C:\WINDOWS\SYSTEM32\WINMM.dll
0x00007ffefa250000 - 0x00007ffefa25a000 	C:\WINDOWS\SYSTEM32\VERSION.dll
0x00007fff02db0000 - 0x00007fff02dc3000 	C:\WINDOWS\SYSTEM32\UMPDC.dll
0x00007fff020f0000 - 0x00007fff02108000 	C:\WINDOWS\SYSTEM32\kernel.appcore.dll
0x00007ffef5b40000 - 0x00007ffef5b4a000 	c:\Users\leoci\.vscode\extensions\redhat.java-1.23.0-win32-x64\jre\17.0.8.1-win32-x86_64\bin\jimage.dll
0x00007fff008e0000 - 0x00007fff00b0e000 	C:\WINDOWS\SYSTEM32\DBGHELP.DLL
0x00007fff050f0000 - 0x00007fff0547a000 	C:\WINDOWS\System32\combase.dll
0x00007fff05910000 - 0x00007fff059e7000 	C:\WINDOWS\System32\OLEAUT32.dll
0x00007ffee4b70000 - 0x00007ffee4ba2000 	C:\WINDOWS\SYSTEM32\dbgcore.DLL
0x00007fff03310000 - 0x00007fff0338a000 	C:\WINDOWS\System32\bcryptPrimitives.dll
0x00007ffeda9e0000 - 0x00007ffeda9ee000 	c:\Users\leoci\.vscode\extensions\redhat.java-1.23.0-win32-x64\jre\17.0.8.1-win32-x86_64\bin\instrument.dll
0x00007ffe9b790000 - 0x00007ffe9b7b5000 	c:\Users\leoci\.vscode\extensions\redhat.java-1.23.0-win32-x64\jre\17.0.8.1-win32-x86_64\bin\java.dll
0x00007ffe9f420000 - 0x00007ffe9f438000 	c:\Users\leoci\.vscode\extensions\redhat.java-1.23.0-win32-x64\jre\17.0.8.1-win32-x86_64\bin\zip.dll

dbghelp: loaded successfully - version: 4.0.5 - missing functions: none
symbol engine: initialized successfully - sym options: 0x614 - pdb path: .;c:\Users\leoci\.vscode\extensions\redhat.java-1.23.0-win32-x64\jre\17.0.8.1-win32-x86_64\bin;C:\WINDOWS\SYSTEM32;C:\WINDOWS\WinSxS\amd64_microsoft.windows.common-controls_6595b64144ccf1df_6.0.22621.2361_none_2712ced57382f843;c:\Users\leoci\.vscode\extensions\redhat.java-1.23.0-win32-x64\jre\17.0.8.1-win32-x86_64\bin\server

VM Arguments:
jvm_args: --add-modules=ALL-SYSTEM --add-opens=java.base/java.util=ALL-UNNAMED --add-opens=java.base/java.lang=ALL-UNNAMED --add-opens=java.base/sun.nio.fs=ALL-UNNAMED -Declipse.application=org.eclipse.jdt.ls.core.id1 -Dosgi.bundles.defaultStartLevel=4 -Declipse.product=org.eclipse.jdt.ls.core.product -Djava.import.generatesMetadataFilesAtProjectRoot=false -DDetectVMInstallationsJob.disabled=true -Dfile.encoding=utf8 -XX:+UseParallelGC -XX:GCTimeRatio=4 -XX:AdaptiveSizePolicyWeight=90 -Dsun.zip.disableMemoryMapping=true -Xmx1G -Xms100m -Xlog:disable -javaagent:c:\Users\leoci\.vscode\extensions\redhat.java-1.23.0-win32-x64\lombok\lombok-1.18.30.jar -XX:+HeapDumpOnOutOfMemoryError -XX:HeapDumpPath=c:\Users\leoci\AppData\Roaming\Code\User\workspaceStorage\56af12e5fac356e10d70ec0fe7da9b1e\redhat.java -Daether.dependencyCollector.impl=bf 
java_command: c:\Users\leoci\.vscode\extensions\redhat.java-1.23.0-win32-x64\server\plugins\org.eclipse.equinox.launcher_1.6.500.v20230717-2134.jar -configuration c:\Users\leoci\AppData\Roaming\Code\User\globalStorage\redhat.java\1.23.0\config_win -data c:\Users\leoci\AppData\Roaming\Code\User\workspaceStorage\56af12e5fac356e10d70ec0fe7da9b1e\redhat.java\jdt_ws
java_class_path (initial): c:\Users\leoci\.vscode\extensions\redhat.java-1.23.0-win32-x64\server\plugins\org.eclipse.equinox.launcher_1.6.500.v20230717-2134.jar
Launcher Type: SUN_STANDARD

[Global flags]
    uintx AdaptiveSizePolicyWeight                 = 90                                        {product} {command line}
     intx CICompilerCount                          = 4                                         {product} {ergonomic}
    uintx GCTimeRatio                              = 4                                         {product} {command line}
     bool HeapDumpOnOutOfMemoryError               = true                                   {manageable} {command line}
    ccstr HeapDumpPath                             = c:\Users\leoci\AppData\Roaming\Code\User\workspaceStorage\56af12e5fac356e10d70ec0fe7da9b1e\redhat.java         {manageable} {command line}
   size_t InitialHeapSize                          = 104857600                                 {product} {command line}
   size_t MaxHeapSize                              = 1073741824                                {product} {command line}
   size_t MaxNewSize                               = 357564416                                 {product} {ergonomic}
   size_t MinHeapDeltaBytes                        = 524288                                    {product} {ergonomic}
   size_t MinHeapSize                              = 104857600                                 {product} {command line}
   size_t NewSize                                  = 34603008                                  {product} {ergonomic}
    uintx NonNMethodCodeHeapSize                   = 5839372                                {pd product} {ergonomic}
    uintx NonProfiledCodeHeapSize                  = 122909434                              {pd product} {ergonomic}
   size_t OldSize                                  = 70254592                                  {product} {ergonomic}
    uintx ProfiledCodeHeapSize                     = 122909434                              {pd product} {ergonomic}
    uintx ReservedCodeCacheSize                    = 251658240                              {pd product} {ergonomic}
     bool SegmentedCodeCache                       = true                                      {product} {ergonomic}
   size_t SoftMaxHeapSize                          = 1073741824                             {manageable} {ergonomic}
     bool UseCompressedClassPointers               = true                           {product lp64_product} {ergonomic}
     bool UseCompressedOops                        = true                           {product lp64_product} {ergonomic}
     bool UseLargePagesIndividualAllocation        = false                                  {pd product} {ergonomic}
     bool UseParallelGC                            = true                                      {product} {command line}

Logging:
Log output configuration:
 #0: stdout all=off uptime,level,tags
 #1: stderr all=off uptime,level,tags

Environment Variables:
JAVA_HOME=C:\Program Files\Java\jdk-19
PATH=C:\Python311\Scripts\;C:\Python311\;C:\Program Files\Common Files\Oracle\Java\javapath;C:\Program Files (x86)\Common Files\Oracle\Java\javapath;C:\Python310\Scripts\;C:\Python310\;C:\WINDOWS\system32;C:\WINDOWS;C:\WINDOWS\System32\Wbem;C:\WINDOWS\System32\WindowsPowerShell\v1.0\;C:\WINDOWS\System32\OpenSSH\;C:\ProgramData\chocolatey\bin;C:\Program Files\Git\cmd;C:\Program Files\nodejs\;C:\Program Files\PuTTY\;C:\Program Files\Docker\Docker\resources\bin;C:\Program Files\Java\jdk-19\bin;C:\Users\leoci\AppData\Local\Microsoft\WindowsApps;C:\Users\leoci\AppData\Local\Programs\Microsoft VS Code\bin;C:\Users\leoci\AppData\Roaming\npm;C:\Program Files\MySQL\MySQL Server 8.0\bin;
USERNAME=leoci
OS=Windows_NT
PROCESSOR_IDENTIFIER=Intel64 Family 6 Model 140 Stepping 1, GenuineIntel
TMP=C:\Users\leoci\AppData\Local\Temp
TEMP=C:\Users\leoci\AppData\Local\Temp



---------------  S Y S T E M  ---------------

OS:
 Windows 11 , 64 bit Build 22621 (10.0.22621.2361)
OS uptime: 3 days 17:59 hours
Hyper-V role detected

CPU: total 8 (initial active 8) (4 cores per cpu, 2 threads per core) family 6 model 140 stepping 1 microcode 0x9a, cx8, cmov, fxsr, ht, mmx, 3dnowpref, sse, sse2, sse3, ssse3, sse4.1, sse4.2, popcnt, lzcnt, tsc, tscinvbit, avx, avx2, aes, erms, clmul, bmi1, bmi2, adx, avx512f, avx512dq, avx512cd, avx512bw, avx512vl, sha, fma, vzeroupper, avx512_vpopcntdq, avx512_vpclmulqdq, avx512_vaes, avx512_vnni, clflush, clflushopt, clwb, avx512_vbmi2, avx512_vbmi, hv
Processor Information for all 8 processors :
  Max Mhz: 2419, Current Mhz: 2419, Mhz Limit: 2419

Memory: 4k page, system-wide physical 7991M (367M free)
TotalPageFile size 15148M (AvailPageFile size 199M)
current process WorkingSet (physical memory assigned to process): 16M, peak: 16M
current process commit charge ("private bytes"): 148M, peak: 149M

vm_info: OpenJDK 64-Bit Server VM (17.0.8.1+1) for windows-amd64 JRE (17.0.8.1+1), built on Aug 23 2023 15:29:17 by "admin" with MS VC++ 16.7 (VS2019)

END.
